\BOOKMARK [-1][-]{section*.1}{LIST OF TABLES}{}% 1
\BOOKMARK [-1][-]{section*.1}{LIST OF FIGURES}{}% 2
\BOOKMARK [0][-]{chapter.1}{1 }{section*.1}% 3
\BOOKMARK [0][-]{chapter.2}{2 }{section*.1}% 4
\BOOKMARK [1][-]{section.2.1}{2.1 Problem Background}{chapter.2}% 5
\BOOKMARK [1][-]{section.2.2}{2.2 History of E-Mail Injection}{chapter.2}% 6
\BOOKMARK [1][-]{section.2.3}{2.3 Languages Affected}{chapter.2}% 7
\BOOKMARK [1][-]{section.2.4}{2.4 Potential Impact}{chapter.2}% 8
\BOOKMARK [0][-]{chapter.3}{3 }{section*.1}% 9
\BOOKMARK [1][-]{section.3.1}{3.1 Approach}{chapter.3}% 10
\BOOKMARK [1][-]{section.3.2}{3.2 System Architecture}{chapter.3}% 11
\BOOKMARK [1][-]{section.3.3}{3.3 System Components}{chapter.3}% 12
\BOOKMARK [2][-]{subsection.3.3.1}{3.3.1 Crawler}{section.3.3}% 13
\BOOKMARK [2][-]{subsection.3.3.2}{3.3.2 Form Parser}{section.3.3}% 14
\BOOKMARK [2][-]{subsection.3.3.3}{3.3.3 E-Mail Field Checker}{section.3.3}% 15
\BOOKMARK [2][-]{subsection.3.3.4}{3.3.4 E-Mail Form Retriever}{section.3.3}% 16
\BOOKMARK [2][-]{subsection.3.3.5}{3.3.5 Fuzzer}{section.3.3}% 17
\BOOKMARK [2][-]{subsection.3.3.6}{3.3.6 E-Mail Analyzer}{section.3.3}% 18
\BOOKMARK [2][-]{subsection.3.3.7}{3.3.7 Database}{section.3.3}% 19
\BOOKMARK [1][-]{section.3.4}{3.4 Issues}{chapter.3}% 20
\BOOKMARK [1][-]{section.3.5}{3.5 Assumptions}{chapter.3}% 21
\BOOKMARK [0][-]{chapter.4}{4 }{section*.1}% 22
\BOOKMARK [1][-]{section.4.1}{4.1 System Configuration}{chapter.4}% 23
\BOOKMARK [1][-]{section.4.2}{4.2 Platform}{chapter.4}% 24
\BOOKMARK [1][-]{section.4.3}{4.3 Languages Used}{chapter.4}% 25
\BOOKMARK [1][-]{section.4.4}{4.4 Celery Queues}{chapter.4}% 26
\BOOKMARK [1][-]{section.4.5}{4.5 Test Suite}{chapter.4}% 27
\BOOKMARK [1][-]{section.4.6}{4.6 Proof of Concept Attacks}{chapter.4}% 28
\BOOKMARK [0][-]{chapter.5}{5 }{section*.1}% 29
\BOOKMARK [1][-]{section.5.1}{5.1 Collected Data}{chapter.5}% 30
\BOOKMARK [1][-]{section.5.2}{5.2 Fuzzed data}{chapter.5}% 31
\BOOKMARK [1][-]{section.5.3}{5.3 Analysis of Data}{chapter.5}% 32
\BOOKMARK [1][-]{section.5.4}{5.4 The Pipeline}{chapter.5}% 33
\BOOKMARK [0][-]{chapter.6}{6 }{section*.1}% 34
\BOOKMARK [1][-]{section.6.1}{6.1 Lessons Learned}{chapter.6}% 35
\BOOKMARK [1][-]{section.6.2}{6.2 Limitations}{chapter.6}% 36
\BOOKMARK [1][-]{section.6.3}{6.3 Mitigation Strategy}{chapter.6}% 37
\BOOKMARK [0][-]{chapter.7}{7 }{section*.1}% 38
\BOOKMARK [0][-]{chapter.8}{8 }{section*.1}% 39
\BOOKMARK [-1][-]{chapter.8}{REFERENCES}{}% 40
\BOOKMARK [0][-]{appendix.A}{A }{chapter.8}% 41
