\BOOKMARK [1][-]{section.1}{1 Introduction}{}% 1
\BOOKMARK [1][-]{section.2}{2 E-Mail Header Injection Background}{}% 2
\BOOKMARK [2][-]{subsection.2.1}{2.1 Problem Background}{section.2}% 3
\BOOKMARK [2][-]{subsection.2.2}{2.2 History of E-Mail Injection}{section.2}% 4
\BOOKMARK [2][-]{subsection.2.3}{2.3 Languages Affected}{section.2}% 5
\BOOKMARK [3][-]{subsubsection.2.3.1}{2.3.1 PHP}{subsection.2.3}% 6
\BOOKMARK [3][-]{subsubsection.2.3.2}{2.3.2 Python}{subsection.2.3}% 7
\BOOKMARK [3][-]{subsubsection.2.3.3}{2.3.3 Java}{subsection.2.3}% 8
\BOOKMARK [3][-]{subsubsection.2.3.4}{2.3.4 Ruby}{subsection.2.3}% 9
\BOOKMARK [2][-]{subsection.2.4}{2.4 Potential Impact}{section.2}% 10
\BOOKMARK [1][-]{section.3}{3 The Body of The Paper}{}% 11
\BOOKMARK [2][-]{subsection.3.1}{3.1 Type Changes and Special Characters}{section.3}% 12
\BOOKMARK [2][-]{subsection.3.2}{3.2 Math Equations}{section.3}% 13
\BOOKMARK [3][-]{subsubsection.3.2.1}{3.2.1 Inline \(In-text\) Equations}{subsection.3.2}% 14
\BOOKMARK [3][-]{subsubsection.3.2.2}{3.2.2 Display Equations}{subsection.3.2}% 15
\BOOKMARK [2][-]{subsection.3.3}{3.3 Citations}{section.3}% 16
\BOOKMARK [2][-]{subsection.3.4}{3.4 Tables}{section.3}% 17
\BOOKMARK [2][-]{subsection.3.5}{3.5 Figures}{section.3}% 18
\BOOKMARK [2][-]{subsection.3.6}{3.6 Theorem-like Constructs}{section.3}% 19
\BOOKMARK [1][-]{section.4}{4 Conclusions}{}% 20
\BOOKMARK [1][-]{section.5}{5 Acknowledgments}{}% 21
\BOOKMARK [1][-]{appendix.A}{A Headings in Appendices}{}% 22
\BOOKMARK [2][-]{subsection.A.1}{A.1 Introduction}{appendix.A}% 23
\BOOKMARK [2][-]{subsection.A.2}{A.2 The Body of the Paper}{appendix.A}% 24
\BOOKMARK [3][-]{subsubsection.A.2.1}{A.2.1 Type Changes and Special Characters}{subsection.A.2}% 25
\BOOKMARK [3][-]{subsubsection.A.2.2}{A.2.2 Math Equations}{subsection.A.2}% 26
\BOOKMARK [3][-]{subsubsection.A.2.3}{A.2.3 Citations}{subsection.A.2}% 27
\BOOKMARK [3][-]{subsubsection.A.2.4}{A.2.4 Tables}{subsection.A.2}% 28
\BOOKMARK [3][-]{subsubsection.A.2.5}{A.2.5 Figures}{subsection.A.2}% 29
\BOOKMARK [3][-]{subsubsection.A.2.6}{A.2.6 Theorem-like Constructs}{subsection.A.2}% 30
\BOOKMARK [2][-]{subsection.A.3}{A.3 Conclusions}{appendix.A}% 31
\BOOKMARK [2][-]{subsection.A.4}{A.4 Acknowledgments}{appendix.A}% 32
\BOOKMARK [2][-]{subsection.A.5}{A.5 Additional Authors}{appendix.A}% 33
\BOOKMARK [2][-]{subsection.A.6}{A.6 References}{appendix.A}% 34
\BOOKMARK [1][-]{appendix.B}{B More Help for the Hardy}{}% 35
